c:\users\feiya\documents\visual studio 2015\projects\filesystem\filesystem\debug\vc140.pdb
c:\users\feiya\documents\visual studio 2015\projects\filesystem\filesystem\debug\vc140.idb
c:\users\feiya\documents\visual studio 2015\projects\filesystem\filesystem\debug\blockreader.obj
c:\users\feiya\documents\visual studio 2015\projects\filesystem\filesystem\debug\catalog.obj
c:\users\feiya\documents\visual studio 2015\projects\filesystem\filesystem\debug\catalogitem.obj
c:\users\feiya\documents\visual studio 2015\projects\filesystem\filesystem\debug\commonconstvalue.obj
c:\users\feiya\documents\visual studio 2015\projects\filesystem\filesystem\debug\fcb.obj
c:\users\feiya\documents\visual studio 2015\projects\filesystem\filesystem\debug\main.obj
c:\users\feiya\documents\visual studio 2015\projects\filesystem\filesystem\debug\memoryinode.obj
c:\users\feiya\documents\visual studio 2015\projects\filesystem\filesystem\debug\shell.obj
c:\users\feiya\documents\visual studio 2015\projects\filesystem\filesystem\debug\superblock.obj
c:\users\feiya\documents\visual studio 2015\projects\filesystem\debug\filesystem.ilk
c:\users\feiya\documents\visual studio 2015\projects\filesystem\debug\filesystem.exe
c:\users\feiya\documents\visual studio 2015\projects\filesystem\debug\filesystem.pdb
c:\users\feiya\documents\visual studio 2015\projects\filesystem\filesystem\debug\filesystem.tlog\cl.command.1.tlog
c:\users\feiya\documents\visual studio 2015\projects\filesystem\filesystem\debug\filesystem.tlog\cl.read.1.tlog
c:\users\feiya\documents\visual studio 2015\projects\filesystem\filesystem\debug\filesystem.tlog\cl.write.1.tlog
c:\users\feiya\documents\visual studio 2015\projects\filesystem\filesystem\debug\filesystem.tlog\link.command.1.tlog
c:\users\feiya\documents\visual studio 2015\projects\filesystem\filesystem\debug\filesystem.tlog\link.read.1.tlog
c:\users\feiya\documents\visual studio 2015\projects\filesystem\filesystem\debug\filesystem.tlog\link.write.1.tlog
